2025-08-28T19:59:30.181Z [PROCESSING] Processing error in /mnt/d/projects/cleanup-console-logs/index.js: Assignment to constant variable.. Skipping operation.
2025-08-28T19:59:30.217Z [PROCESSING] Processing error in /mnt/d/projects/cleanup-console-logs/lib/CodeAnalyzer.js: Assignment to constant variable.. Skipping operation.
2025-08-28T19:59:30.243Z [PROCESSING] Processing error in /mnt/d/projects/cleanup-console-logs/lib/InteractiveUI.js: Assignment to constant variable.. Skipping operation.
2025-08-28T19:59:30.235Z [PROCESSING] Processing error in /mnt/d/projects/cleanup-console-logs/lib/ErrorHandler.js: Assignment to constant variable.. Skipping operation.
2025-08-28T19:59:30.227Z [PROCESSING] Processing error in /mnt/d/projects/cleanup-console-logs/lib/CodeTransformer.js: Assignment to constant variable.. Skipping operation.
2025-08-28T19:59:30.258Z [PROCESSING] Processing error in /mnt/d/projects/cleanup-console-logs/lib/SyntaxHighlighter.js: Assignment to constant variable.. Skipping operation.
2025-08-28T19:59:30.285Z [PROCESSING] Processing error in /mnt/d/projects/cleanup-console-logs/test/test-backup-manager.js: Assignment to constant variable.. Skipping operation.
2025-08-28T19:59:30.294Z [PROCESSING] Processing error in /mnt/d/projects/cleanup-console-logs/test/test-code-transformer.js: Assignment to constant variable.. Skipping operation.
2025-08-28T19:59:30.254Z [PROCESSING] Processing error in /mnt/d/projects/cleanup-console-logs/lib/ModeController.js: Assignment to constant variable.. Skipping operation.
2025-08-28T19:59:30.327Z [PROCESSING] Processing error in /mnt/d/projects/cleanup-console-logs/test/test-interactive-ui.js: Assignment to constant variable.. Skipping operation.
2025-08-28T19:59:30.312Z [PROCESSING] Processing error in /mnt/d/projects/cleanup-console-logs/test/test-error-handler.js: Assignment to constant variable.. Skipping operation.
2025-08-28T20:01:42.973Z [PROCESSING] Processing error in index.js: Assignment to constant variable.. Skipping operation.
2025-08-28T20:02:28.057Z [PROCESSING] Processing error in /mnt/d/projects/cleanup-console-logs/index.js: Assignment to constant variable.. Skipping operation.
2025-08-28T20:02:28.098Z [PROCESSING] Processing error in /mnt/d/projects/cleanup-console-logs/lib/InteractiveUI.js: Assignment to constant variable.. Skipping operation.
2025-08-28T20:02:28.088Z [PROCESSING] Processing error in /mnt/d/projects/cleanup-console-logs/lib/ErrorHandler.js: Assignment to constant variable.. Skipping operation.
2025-08-28T20:02:28.081Z [PROCESSING] Processing error in /mnt/d/projects/cleanup-console-logs/lib/CodeTransformer.js: Assignment to constant variable.. Skipping operation.
2025-08-28T20:02:28.067Z [PROCESSING] Processing error in /mnt/d/projects/cleanup-console-logs/lib/CodeAnalyzer.js: Assignment to constant variable.. Skipping operation.
2025-08-28T20:02:28.138Z [PROCESSING] Processing error in /mnt/d/projects/cleanup-console-logs/test/test-backup-manager.js: Assignment to constant variable.. Skipping operation.
2025-08-28T20:02:28.134Z [PROCESSING] Processing error in /mnt/d/projects/cleanup-console-logs/lib/SyntaxHighlighter.js: Assignment to constant variable.. Skipping operation.
2025-08-28T20:02:28.125Z [PROCESSING] Processing error in /mnt/d/projects/cleanup-console-logs/lib/ModeController.js: Assignment to constant variable.. Skipping operation.
2025-08-28T20:02:28.145Z [PROCESSING] Processing error in /mnt/d/projects/cleanup-console-logs/test/test-code-transformer.js: Assignment to constant variable.. Skipping operation.
2025-08-28T20:02:28.173Z [PROCESSING] Processing error in /mnt/d/projects/cleanup-console-logs/test-simple.js: Assignment to constant variable.. Skipping operation.
2025-08-28T20:02:28.165Z [PROCESSING] Processing error in /mnt/d/projects/cleanup-console-logs/test/test-interactive-ui.js: Assignment to constant variable.. Skipping operation.
2025-08-28T20:02:28.156Z [PROCESSING] Processing error in /mnt/d/projects/cleanup-console-logs/test/test-error-handler.js: Assignment to constant variable.. Skipping operation.
2025-08-28T20:03:45.817Z [PROCESSING] Processing error in /mnt/d/projects/cleanup-console-logs/index.js: Assignment to constant variable.. Skipping operation.
2025-08-28T20:03:45.833Z [PROCESSING] Processing error in /mnt/d/projects/cleanup-console-logs/lib/CodeAnalyzer.js: Assignment to constant variable.. Skipping operation.
2025-08-28T20:03:45.847Z [PROCESSING] Processing error in /mnt/d/projects/cleanup-console-logs/lib/ErrorHandler.js: Assignment to constant variable.. Skipping operation.
2025-08-28T20:03:45.840Z [PROCESSING] Processing error in /mnt/d/projects/cleanup-console-logs/lib/CodeTransformer.js: Assignment to constant variable.. Skipping operation.
2025-08-28T20:03:45.857Z [PROCESSING] Processing error in /mnt/d/projects/cleanup-console-logs/lib/InteractiveUI.js: Assignment to constant variable.. Skipping operation.
2025-08-28T20:03:45.867Z [PROCESSING] Processing error in /mnt/d/projects/cleanup-console-logs/lib/ModeController.js: Assignment to constant variable.. Skipping operation.
2025-08-28T20:03:45.921Z [PROCESSING] Processing error in /mnt/d/projects/cleanup-console-logs/test/test-code-transformer.js: Assignment to constant variable.. Skipping operation.
2025-08-28T20:03:45.899Z [PROCESSING] Processing error in /mnt/d/projects/cleanup-console-logs/lib/SyntaxHighlighter.js: Assignment to constant variable.. Skipping operation.
2025-08-28T20:03:45.904Z [PROCESSING] Processing error in /mnt/d/projects/cleanup-console-logs/test/test-backup-manager.js: Assignment to constant variable.. Skipping operation.
2025-08-28T20:03:45.938Z [PROCESSING] Processing error in /mnt/d/projects/cleanup-console-logs/test/test-error-handler.js: Assignment to constant variable.. Skipping operation.
2025-08-28T20:03:45.958Z [PROCESSING] Processing error in /mnt/d/projects/cleanup-console-logs/test/test-interactive-ui.js: Assignment to constant variable.. Skipping operation.
2025-08-28T20:03:45.984Z [PROCESSING] Processing error in /mnt/d/projects/cleanup-console-logs/test-simple.js: Assignment to constant variable.. Skipping operation.
2025-08-28T20:05:25.697Z [PROCESSING] Processing error in test-simple.js: Assignment to constant variable.. Skipping operation.
2025-08-28T20:06:33.008Z [PROCESSING] Processing error in /mnt/d/projects/cleanup-console-logs/index.js: Assignment to constant variable.. Skipping operation.
2025-08-28T20:06:33.045Z [PROCESSING] Processing error in /mnt/d/projects/cleanup-console-logs/lib/CodeTransformer.js: Assignment to constant variable.. Skipping operation.
2025-08-28T20:06:33.029Z [PROCESSING] Processing error in /mnt/d/projects/cleanup-console-logs/lib/CodeAnalyzer.js: Assignment to constant variable.. Skipping operation.
2025-08-28T20:06:33.080Z [PROCESSING] Processing error in /mnt/d/projects/cleanup-console-logs/lib/ErrorHandler.js: Assignment to constant variable.. Skipping operation.
2025-08-28T20:06:33.097Z [PROCESSING] Processing error in /mnt/d/projects/cleanup-console-logs/lib/InteractiveUI.js: Assignment to constant variable.. Skipping operation.
2025-08-28T20:06:33.108Z [PROCESSING] Processing error in /mnt/d/projects/cleanup-console-logs/lib/ModeController.js: Assignment to constant variable.. Skipping operation.
2025-08-28T20:06:33.129Z [PROCESSING] Processing error in /mnt/d/projects/cleanup-console-logs/lib/SyntaxHighlighter.js: Assignment to constant variable.. Skipping operation.
2025-08-28T20:06:33.187Z [PROCESSING] Processing error in /mnt/d/projects/cleanup-console-logs/test/test-code-transformer.js: Assignment to constant variable.. Skipping operation.
2025-08-28T20:06:33.148Z [PROCESSING] Processing error in /mnt/d/projects/cleanup-console-logs/test/test-backup-manager.js: Assignment to constant variable.. Skipping operation.
2025-08-28T20:06:33.248Z [PROCESSING] Processing error in /mnt/d/projects/cleanup-console-logs/test-simple.js: Assignment to constant variable.. Skipping operation.
2025-08-28T20:06:33.229Z [PROCESSING] Processing error in /mnt/d/projects/cleanup-console-logs/test/test-interactive-ui.js: Assignment to constant variable.. Skipping operation.
2025-08-28T20:06:33.216Z [PROCESSING] Processing error in /mnt/d/projects/cleanup-console-logs/test/test-error-handler.js: Assignment to constant variable.. Skipping operation.
2025-08-28T20:07:49.949Z [PROCESSING] Processing error in /mnt/d/projects/cleanup-console-logs/test-backup-dir/test-backup-demo.js: Assignment to constant variable.. Skipping operation.
2025-08-28T20:08:18.251Z [PROCESSING] Processing error in test-backup-demo.js: Assignment to constant variable.. Skipping operation.
2025-08-28T20:09:30.384Z [PROCESSING] Processing error in test-backup-demo.js: Assignment to constant variable.. Skipping operation.
